DrawFunctions.obj : error LNK2019: __imp_glBegin"void __cdecl jm::drawFilledBox(class jm::RGB const &,float const &,float const &)" (?drawFilledBox@jm@@YAXAEBVRGB@1@AEBM1@Z) 함수에서 참조되는 확인할 수 없는 외부 기호
DrawFunctions.obj : error LNK2019: __imp_glColor3fv"void __cdecl jm::drawFilledBox(class jm::RGB const &,float const &,float const &)" (?drawFilledBox@jm@@YAXAEBVRGB@1@AEBM1@Z) 함수에서 참조되는 확인할 수 없는 외부 기호
DrawFunctions.obj : error LNK2019: __imp_glEnd"void __cdecl jm::drawFilledBox(class jm::RGB const &,float const &,float const &)" (?drawFilledBox@jm@@YAXAEBVRGB@1@AEBM1@Z) 함수에서 참조되는 확인할 수 없는 외부 기호
DrawFunctions.obj : error LNK2019: __imp_glLineWidth"void __cdecl jm::setLineWidth(int const &)" (?setLineWidth@jm@@YAXAEBH@Z) 함수에서 참조되는 확인할 수 없는 외부 기호
DrawFunctions.obj : error LNK2019: __imp_glPointSize"void __cdecl jm::drawPoint(class jm::RGB const &,class jm::Vector2<float> const &,float const &)" (?drawPoint@jm@@YAXAEBVRGB@1@AEBV?$Vector2@M@1@AEBM@Z) 함수에서 참조되는 확인할 수 없는 외부 기호
DrawFunctions.obj : error LNK2019: __imp_glPopMatrix"void __cdecl jm::endTransformation(void)" (?endTransformation@jm@@YAXXZ) 함수에서 참조되는 확인할 수 없는 외부 기호
Game2D.obj : error LNK2001: 확인할 수 없는 외부 기호 __imp_glPopMatrix
DrawFunctions.obj : error LNK2019: __imp_glPushMatrix"void __cdecl jm::beginTransformation(void)" (?beginTransformation@jm@@YAXXZ) 함수에서 참조되는 확인할 수 없는 외부 기호
Game2D.obj : error LNK2001: 확인할 수 없는 외부 기호 __imp_glPushMatrix
DrawFunctions.obj : error LNK2019: __imp_glRotatef"void __cdecl jm::rotate(float const &)" (?rotate@jm@@YAXAEBM@Z) 함수에서 참조되는 확인할 수 없는 외부 기호
DrawFunctions.obj : error LNK2019: __imp_glScalef"void __cdecl jm::scale(float const &,float const &)" (?scale@jm@@YAXAEBM0@Z) 함수에서 참조되는 확인할 수 없는 외부 기호
DrawFunctions.obj : error LNK2019: __imp_glTranslatef"void __cdecl jm::translate(float const &,float const &)" (?translate@jm@@YAXAEBM0@Z) 함수에서 참조되는 확인할 수 없는 외부 기호
DrawFunctions.obj : error LNK2019: __imp_glVertex2f"void __cdecl jm::drawFilledBox(class jm::RGB const &,float const &,float const &)" (?drawFilledBox@jm@@YAXAEBVRGB@1@AEBM1@Z) 함수에서 참조되는 확인할 수 없는 외부 기호
DrawFunctions.obj : error LNK2019: __imp_glVertex2fv"void __cdecl jm::drawFilledStar(class jm::RGB const &,float const &,float const &)" (?drawFilledStar@jm@@YAXAEBVRGB@1@AEBM1@Z) 함수에서 참조되는 확인할 수 없는 외부 기호
Game2D.obj : error LNK2019: __imp_glBlendFunc"public: class jm::Game2D & __cdecl jm::Game2D::init(class std::basic_string<char,struct std::char_traits<char>,class std::allocator<char> > const &,int const &,int const &,bool const &,int const &)" (?init@Game2D@jm@@QEAAAEAV12@AEBV?$basic_string@DU?$char_traits@D@std@@V?$allocator@D@2@@std@@AEBH1AEB_N1@Z) 함수에서 참조되는 확인할 수 없는 외부 기호
Game2D.obj : error LNK2019: __imp_glClear"public: void __cdecl jm::Game2D::run(void)" (?run@Game2D@jm@@QEAAXXZ) 함수에서 참조되는 확인할 수 없는 외부 기호
Game2D.obj : error LNK2019: __imp_glClearColor"public: void __cdecl jm::Game2D::run(void)" (?run@Game2D@jm@@QEAAXXZ) 함수에서 참조되는 확인할 수 없는 외부 기호
Game2D.obj : error LNK2019: __imp_glEnable"public: class jm::Game2D & __cdecl jm::Game2D::init(class std::basic_string<char,struct std::char_traits<char>,class std::allocator<char> > const &,int const &,int const &,bool const &,int const &)" (?init@Game2D@jm@@QEAAAEAV12@AEBV?$basic_string@DU?$char_traits@D@std@@V?$allocator@D@2@@std@@AEBH1AEB_N1@Z) 함수에서 참조되는 확인할 수 없는 외부 기호
Game2D.obj : error LNK2019: __imp_glHint"public: class jm::Game2D & __cdecl jm::Game2D::init(class std::basic_string<char,struct std::char_traits<char>,class std::allocator<char> > const &,int const &,int const &,bool const &,int const &)" (?init@Game2D@jm@@QEAAAEAV12@AEBV?$basic_string@DU?$char_traits@D@std@@V?$allocator@D@2@@std@@AEBH1AEB_N1@Z) 함수에서 참조되는 확인할 수 없는 외부 기호
Game2D.obj : error LNK2019: __imp_glMatrixMode"public: void __cdecl jm::Game2D::run(void)" (?run@Game2D@jm@@QEAAXXZ) 함수에서 참조되는 확인할 수 없는 외부 기호
Game2D.obj : error LNK2019: __imp_glOrtho"public: class jm::Game2D & __cdecl jm::Game2D::init(class std::basic_string<char,struct std::char_traits<char>,class std::allocator<char> > const &,int const &,int const &,bool const &,int const &)" (?init@Game2D@jm@@QEAAAEAV12@AEBV?$basic_string@DU?$char_traits@D@std@@V?$allocator@D@2@@std@@AEBH1AEB_N1@Z) 함수에서 참조되는 확인할 수 없는 외부 기호
Game2D.obj : error LNK2019: __imp_glViewport"public: class jm::Game2D & __cdecl jm::Game2D::init(class std::basic_string<char,struct std::char_traits<char>,class std::allocator<char> > const &,int const &,int const &,bool const &,int const &)" (?init@Game2D@jm@@QEAAAEAV12@AEBV?$basic_string@DU?$char_traits@D@std@@V?$allocator@D@2@@std@@AEBH1AEB_N1@Z) 함수에서 참조되는 확인할 수 없는 외부 기호
Game2D.obj : error LNK2019: glfwInit"public: class jm::Game2D & __cdecl jm::Game2D::init(class std::basic_string<char,struct std::char_traits<char>,class std::allocator<char> > const &,int const &,int const &,bool const &,int const &)" (?init@Game2D@jm@@QEAAAEAV12@AEBV?$basic_string@DU?$char_traits@D@std@@V?$allocator@D@2@@std@@AEBH1AEB_N1@Z) 함수에서 참조되는 확인할 수 없는 외부 기호
Game2D.obj : error LNK2019: glfwTerminate"public: void __cdecl jm::Game2D::reportErrorAndExit(class std::basic_string<char,struct std::char_traits<char>,class std::allocator<char> > const &,class std::basic_string<char,struct std::char_traits<char>,class std::allocator<char> > const &)" (?reportErrorAndExit@Game2D@jm@@QEAAXAEBV?$basic_string@DU?$char_traits@D@std@@V?$allocator@D@2@@std@@0@Z) 함수에서 참조되는 확인할 수 없는 외부 기호
Game2D.obj : error LNK2019: glfwGetMonitors"public: class jm::Game2D & __cdecl jm::Game2D::init(class std::basic_string<char,struct std::char_traits<char>,class std::allocator<char> > const &,int const &,int const &,bool const &,int const &)" (?init@Game2D@jm@@QEAAAEAV12@AEBV?$basic_string@DU?$char_traits@D@std@@V?$allocator@D@2@@std@@AEBH1AEB_N1@Z) 함수에서 참조되는 확인할 수 없는 외부 기호
Game2D.obj : error LNK2019: glfwGetPrimaryMonitor"public: class jm::Game2D & __cdecl jm::Game2D::init(class std::basic_string<char,struct std::char_traits<char>,class std::allocator<char> > const &,int const &,int const &,bool const &,int const &)" (?init@Game2D@jm@@QEAAAEAV12@AEBV?$basic_string@DU?$char_traits@D@std@@V?$allocator@D@2@@std@@AEBH1AEB_N1@Z) 함수에서 참조되는 확인할 수 없는 외부 기호
Game2D.obj : error LNK2019: glfwGetVideoMode"public: class jm::Game2D & __cdecl jm::Game2D::init(class std::basic_string<char,struct std::char_traits<char>,class std::allocator<char> > const &,int const &,int const &,bool const &,int const &)" (?init@Game2D@jm@@QEAAAEAV12@AEBV?$basic_string@DU?$char_traits@D@std@@V?$allocator@D@2@@std@@AEBH1AEB_N1@Z) 함수에서 참조되는 확인할 수 없는 외부 기호
Game2D.obj : error LNK2019: glfwWindowHint"public: class jm::Game2D & __cdecl jm::Game2D::init(class std::basic_string<char,struct std::char_traits<char>,class std::allocator<char> > const &,int const &,int const &,bool const &,int const &)" (?init@Game2D@jm@@QEAAAEAV12@AEBV?$basic_string@DU?$char_traits@D@std@@V?$allocator@D@2@@std@@AEBH1AEB_N1@Z) 함수에서 참조되는 확인할 수 없는 외부 기호
Game2D.obj : error LNK2019: glfwCreateWindow"public: class jm::Game2D & __cdecl jm::Game2D::init(class std::basic_string<char,struct std::char_traits<char>,class std::allocator<char> > const &,int const &,int const &,bool const &,int const &)" (?init@Game2D@jm@@QEAAAEAV12@AEBV?$basic_string@DU?$char_traits@D@std@@V?$allocator@D@2@@std@@AEBH1AEB_N1@Z) 함수에서 참조되는 확인할 수 없는 외부 기호
Game2D.obj : error LNK2019: glfwDestroyWindow"public: __cdecl jm::Game2D::~Game2D(void)" (??1Game2D@jm@@QEAA@XZ) 함수에서 참조되는 확인할 수 없는 외부 기호
Game2D.obj : error LNK2019: glfwWindowShouldClose"public: void __cdecl jm::Game2D::run(void)" (?run@Game2D@jm@@QEAAXXZ) 함수에서 참조되는 확인할 수 없는 외부 기호
Game2D.obj : error LNK2019: glfwSetWindowPos"public: class jm::Game2D & __cdecl jm::Game2D::init(class std::basic_string<char,struct std::char_traits<char>,class std::allocator<char> > const &,int const &,int const &,bool const &,int const &)" (?init@Game2D@jm@@QEAAAEAV12@AEBV?$basic_string@DU?$char_traits@D@std@@V?$allocator@D@2@@std@@AEBH1AEB_N1@Z) 함수에서 참조되는 확인할 수 없는 외부 기호
Game2D.obj : error LNK2019: glfwGetFramebufferSize"public: class jm::Game2D & __cdecl jm::Game2D::init(class std::basic_string<char,struct std::char_traits<char>,class std::allocator<char> > const &,int const &,int const &,bool const &,int const &)" (?init@Game2D@jm@@QEAAAEAV12@AEBV?$basic_string@DU?$char_traits@D@std@@V?$allocator@D@2@@std@@AEBH1AEB_N1@Z) 함수에서 참조되는 확인할 수 없는 외부 기호
Game2D.obj : error LNK2019: glfwPollEvents"public: void __cdecl jm::Game2D::run(void)" (?run@Game2D@jm@@QEAAXXZ) 함수에서 참조되는 확인할 수 없는 외부 기호
Game2D.obj : error LNK2019: glfwGetKey"public: bool __cdecl jm::Game2D::isKeyPressed(int const &)" (?isKeyPressed@Game2D@jm@@QEAA_NAEBH@Z) 함수에서 참조되는 확인할 수 없는 외부 기호
Game2D.obj : error LNK2019: glfwGetMouseButton"public: bool __cdecl jm::Game2D::isMouseButtonPressed(int const &)" (?isMouseButtonPressed@Game2D@jm@@QEAA_NAEBH@Z) 함수에서 참조되는 확인할 수 없는 외부 기호
Game2D.obj : error LNK2019: glfwGetCursorPos"public: class jm::Vector2<float> __cdecl jm::Game2D::getCursorPos(bool const &)" (?getCursorPos@Game2D@jm@@QEAA?AV?$Vector2@M@2@AEB_N@Z) 함수에서 참조되는 확인할 수 없는 외부 기호
Game2D.obj : error LNK2019: glfwMakeContextCurrent"public: class jm::Game2D & __cdecl jm::Game2D::init(class std::basic_string<char,struct std::char_traits<char>,class std::allocator<char> > const &,int const &,int const &,bool const &,int const &)" (?init@Game2D@jm@@QEAAAEAV12@AEBV?$basic_string@DU?$char_traits@D@std@@V?$allocator@D@2@@std@@AEBH1AEB_N1@Z) 함수에서 참조되는 확인할 수 없는 외부 기호
Game2D.obj : error LNK2019: glfwSwapBuffers"public: void __cdecl jm::Game2D::run(void)" (?run@Game2D@jm@@QEAAXXZ) 함수에서 참조되는 확인할 수 없는 외부 기호
C:\Users\f4asd\Downloads\GameDevPracticePackage20181206\Chapter1\Lecture1\x64\Debug\Lecture1.exe : fatal error LNK1120: 37개의 확인할 수 없는 외부 참조입니다.
